<?xml version="1.0" encoding="UTF-8"?>
<testng-results skipped="0" failed="0" total="1" passed="1">
  <reporter-output>
  </reporter-output>
  <suite name="Default suite" duration-ms="11369" started-at="2020-04-20T06:35:13Z" finished-at="2020-04-20T06:35:24Z">
    <groups>
    </groups>
    <test name="Default test" duration-ms="11369" started-at="2020-04-20T06:35:13Z" finished-at="2020-04-20T06:35:24Z">
      <class name="demotest.demotestclasstngpass">
        <test-method status="PASS" signature="statuscheck()[pri:0, instance:demotest.demotestclasstngpass@1efbd816]" name="statuscheck" duration-ms="11351" started-at="2020-04-20T12:05:13Z" finished-at="2020-04-20T12:05:24Z">
          <reporter-output>
          </reporter-output>
        </test-method> <!-- statuscheck -->
      </class> <!-- demotest.demotestclasstngpass -->
    </test> <!-- Default test -->
  </suite> <!-- Default suite -->
</testng-results>
